2025-01-15 13:12:27,965 - INFO - Bot process ended, restarting...
2025-01-15 13:12:27,965 - INFO - Starting bot process with C:\Python312\pythonservice.exe E:\cursor\main.py
2025-01-15 13:12:28,968 - INFO - Bot process ended, restarting...
2025-01-15 13:12:28,968 - INFO - Starting bot process with C:\Python312\pythonservice.exe E:\cursor\main.py
2025-01-15 13:12:29,971 - INFO - Bot process ended, restarting...
2025-01-15 13:12:29,971 - INFO - Starting bot process with C:\Python312\pythonservice.exe E:\cursor\main.py
2025-01-15 13:12:30,974 - INFO - Bot process ended, restarting...
2025-01-15 13:12:30,974 - INFO - Starting bot process with C:\Python312\pythonservice.exe E:\cursor\main.py
2025-01-15 13:12:31,978 - INFO - Bot process ended, restarting...
2025-01-15 13:12:31,978 - INFO - Starting bot process with C:\Python312\pythonservice.exe E:\cursor\main.py
2025-01-15 13:12:32,981 - INFO - Bot process ended, restarting...
2025-01-15 13:12:32,981 - INFO - Starting bot process with C:\Python312\pythonservice.exe E:\cursor\main.py
2025-01-15 13:12:33,984 - INFO - Bot process ended, restarting...
2025-01-15 13:12:33,984 - INFO - Starting bot process with C:\Python312\pythonservice.exe E:\cursor\main.py
2025-01-15 13:12:34,987 - INFO - Bot process ended, restarting...
2025-01-15 13:12:34,987 - INFO - Starting bot process with C:\Python312\pythonservice.exe E:\cursor\main.py
2025-01-15 13:12:35,991 - INFO - Bot process ended, restarting...
2025-01-15 13:12:35,991 - INFO - Starting bot process with C:\Python312\pythonservice.exe E:\cursor\main.py
2025-01-15 13:12:36,995 - INFO - Bot process ended, restarting...
2025-01-15 13:12:36,995 - INFO - Starting bot process with C:\Python312\pythonservice.exe E:\cursor\main.py
2025-01-15 13:12:37,997 - INFO - Bot process ended, restarting...
2025-01-15 13:12:37,997 - INFO - Starting bot process with C:\Python312\pythonservice.exe E:\cursor\main.py
2025-01-15 13:12:39,001 - INFO - Bot process ended, restarting...
2025-01-15 13:12:39,001 - INFO - Starting bot process with C:\Python312\pythonservice.exe E:\cursor\main.py
2025-01-15 13:12:40,004 - INFO - Bot process ended, restarting...
2025-01-15 13:12:40,010 - INFO - Starting bot process with C:\Python312\pythonservice.exe E:\cursor\main.py
2025-01-15 13:12:41,014 - INFO - Bot process ended, restarting...
2025-01-15 13:12:41,014 - INFO - Starting bot process with C:\Python312\pythonservice.exe E:\cursor\main.py
2025-01-15 13:12:42,018 - INFO - Bot process ended, restarting...
2025-01-15 13:12:42,018 - INFO - Starting bot process with C:\Python312\pythonservice.exe E:\cursor\main.py
2025-01-15 13:12:43,021 - INFO - Bot process ended, restarting...
2025-01-15 13:12:43,021 - INFO - Starting bot process with C:\Python312\pythonservice.exe E:\cursor\main.py
2025-01-15 13:12:44,024 - INFO - Bot process ended, restarting...
2025-01-15 13:12:44,024 - INFO - Starting bot process with C:\Python312\pythonservice.exe E:\cursor\main.py
2025-01-15 13:12:45,028 - INFO - Bot process ended, restarting...
2025-01-15 13:12:45,028 - INFO - Starting bot process with C:\Python312\pythonservice.exe E:\cursor\main.py
2025-01-15 13:12:46,032 - INFO - Bot process ended, restarting...
2025-01-15 13:12:46,032 - INFO - Starting bot process with C:\Python312\pythonservice.exe E:\cursor\main.py
2025-01-15 13:12:47,036 - INFO - Bot process ended, restarting...
2025-01-15 13:12:47,036 - INFO - Starting bot process with C:\Python312\pythonservice.exe E:\cursor\main.py
2025-01-15 13:12:48,040 - INFO - Bot process ended, restarting...
2025-01-15 13:12:48,040 - INFO - Starting bot process with C:\Python312\pythonservice.exe E:\cursor\main.py
2025-01-15 13:12:49,044 - INFO - Bot process ended, restarting...
2025-01-15 13:12:49,044 - INFO - Starting bot process with C:\Python312\pythonservice.exe E:\cursor\main.py
2025-01-15 13:12:50,050 - INFO - Bot process ended, restarting...
2025-01-15 13:12:50,050 - INFO - Starting bot process with C:\Python312\pythonservice.exe E:\cursor\main.py
2025-01-15 13:12:51,053 - INFO - Bot process ended, restarting...
2025-01-15 13:12:51,053 - INFO - Starting bot process with C:\Python312\pythonservice.exe E:\cursor\main.py
2025-01-15 13:12:52,055 - INFO - Bot process ended, restarting...
2025-01-15 13:12:52,055 - INFO - Starting bot process with C:\Python312\pythonservice.exe E:\cursor\main.py
2025-01-15 13:12:53,061 - INFO - Bot process ended, restarting...
2025-01-15 13:12:53,061 - INFO - Starting bot process with C:\Python312\pythonservice.exe E:\cursor\main.py
2025-01-15 13:12:54,064 - INFO - Bot process ended, restarting...
2025-01-15 13:12:54,064 - INFO - Starting bot process with C:\Python312\pythonservice.exe E:\cursor\main.py
2025-01-15 13:12:55,068 - INFO - Bot process ended, restarting...
2025-01-15 13:12:55,068 - INFO - Starting bot process with C:\Python312\pythonservice.exe E:\cursor\main.py
2025-01-15 13:12:56,072 - INFO - Bot process ended, restarting...
2025-01-15 13:12:56,073 - INFO - Starting bot process with C:\Python312\pythonservice.exe E:\cursor\main.py
2025-01-15 13:12:57,075 - INFO - Bot process ended, restarting...
2025-01-15 13:12:57,075 - INFO - Starting bot process with C:\Python312\pythonservice.exe E:\cursor\main.py
2025-01-15 13:12:58,078 - INFO - Bot process ended, restarting...
2025-01-15 13:12:58,078 - INFO - Starting bot process with C:\Python312\pythonservice.exe E:\cursor\main.py
2025-01-15 13:12:59,082 - INFO - Bot process ended, restarting...
2025-01-15 13:12:59,082 - INFO - Starting bot process with C:\Python312\pythonservice.exe E:\cursor\main.py
2025-01-15 13:13:00,087 - INFO - Bot process ended, restarting...
2025-01-15 13:13:00,087 - INFO - Starting bot process with C:\Python312\pythonservice.exe E:\cursor\main.py
2025-01-15 13:13:01,090 - INFO - Bot process ended, restarting...
2025-01-15 13:13:01,090 - INFO - Starting bot process with C:\Python312\pythonservice.exe E:\cursor\main.py
2025-01-15 13:13:02,094 - INFO - Bot process ended, restarting...
2025-01-15 13:13:02,094 - INFO - Starting bot process with C:\Python312\pythonservice.exe E:\cursor\main.py
2025-01-15 13:13:03,099 - INFO - Bot process ended, restarting...
2025-01-15 13:13:03,099 - INFO - Starting bot process with C:\Python312\pythonservice.exe E:\cursor\main.py
2025-01-15 13:13:04,102 - INFO - Bot process ended, restarting...
2025-01-15 13:13:04,102 - INFO - Starting bot process with C:\Python312\pythonservice.exe E:\cursor\main.py
2025-01-15 13:13:05,105 - INFO - Bot process ended, restarting...
2025-01-15 13:13:05,105 - INFO - Starting bot process with C:\Python312\pythonservice.exe E:\cursor\main.py
2025-01-15 13:13:06,110 - INFO - Bot process ended, restarting...
2025-01-15 13:13:06,110 - INFO - Starting bot process with C:\Python312\pythonservice.exe E:\cursor\main.py
2025-01-15 13:13:07,114 - INFO - Bot process ended, restarting...
2025-01-15 13:13:07,114 - INFO - Starting bot process with C:\Python312\pythonservice.exe E:\cursor\main.py
2025-01-15 13:13:08,117 - INFO - Bot process ended, restarting...
2025-01-15 13:13:08,117 - INFO - Starting bot process with C:\Python312\pythonservice.exe E:\cursor\main.py
2025-01-15 13:13:09,121 - INFO - Bot process ended, restarting...
2025-01-15 13:13:09,121 - INFO - Starting bot process with C:\Python312\pythonservice.exe E:\cursor\main.py
2025-01-15 13:13:10,125 - INFO - Bot process ended, restarting...
2025-01-15 13:13:10,125 - INFO - Starting bot process with C:\Python312\pythonservice.exe E:\cursor\main.py
2025-01-15 13:13:11,128 - INFO - Bot process ended, restarting...
2025-01-15 13:13:11,128 - INFO - Starting bot process with C:\Python312\pythonservice.exe E:\cursor\main.py
2025-01-15 13:13:12,132 - INFO - Bot process ended, restarting...
2025-01-15 13:13:12,132 - INFO - Starting bot process with C:\Python312\pythonservice.exe E:\cursor\main.py
2025-01-15 13:13:13,136 - INFO - Bot process ended, restarting...
2025-01-15 13:13:13,136 - INFO - Starting bot process with C:\Python312\pythonservice.exe E:\cursor\main.py
2025-01-15 13:13:14,139 - INFO - Bot process ended, restarting...
2025-01-15 13:13:14,139 - INFO - Starting bot process with C:\Python312\pythonservice.exe E:\cursor\main.py
2025-01-15 13:13:15,142 - INFO - Bot process ended, restarting...
2025-01-15 13:13:15,142 - INFO - Starting bot process with C:\Python312\pythonservice.exe E:\cursor\main.py
2025-01-15 13:13:16,145 - INFO - Bot process ended, restarting...
2025-01-15 13:13:16,145 - INFO - Starting bot process with C:\Python312\pythonservice.exe E:\cursor\main.py
2025-01-15 13:13:17,150 - INFO - Bot process ended, restarting...
2025-01-15 13:13:17,150 - INFO - Starting bot process with C:\Python312\pythonservice.exe E:\cursor\main.py
2025-01-15 13:13:18,153 - INFO - Bot process ended, restarting...
2025-01-15 13:13:18,153 - INFO - Starting bot process with C:\Python312\pythonservice.exe E:\cursor\main.py
2025-01-15 13:13:19,158 - INFO - Bot process ended, restarting...
2025-01-15 13:13:19,158 - INFO - Starting bot process with C:\Python312\pythonservice.exe E:\cursor\main.py
2025-01-15 13:13:20,162 - INFO - Bot process ended, restarting...
2025-01-15 13:13:20,162 - INFO - Starting bot process with C:\Python312\pythonservice.exe E:\cursor\main.py
2025-01-15 13:13:21,166 - INFO - Bot process ended, restarting...
2025-01-15 13:13:21,166 - INFO - Starting bot process with C:\Python312\pythonservice.exe E:\cursor\main.py
2025-01-15 13:13:22,169 - INFO - Bot process ended, restarting...
2025-01-15 13:13:22,169 - INFO - Starting bot process with C:\Python312\pythonservice.exe E:\cursor\main.py
2025-01-15 13:13:23,172 - INFO - Bot process ended, restarting...
2025-01-15 13:13:23,172 - INFO - Starting bot process with C:\Python312\pythonservice.exe E:\cursor\main.py
2025-01-15 13:13:24,176 - INFO - Bot process ended, restarting...
2025-01-15 13:13:24,176 - INFO - Starting bot process with C:\Python312\pythonservice.exe E:\cursor\main.py
2025-01-15 13:13:25,180 - INFO - Bot process ended, restarting...
2025-01-15 13:13:25,180 - INFO - Starting bot process with C:\Python312\pythonservice.exe E:\cursor\main.py
2025-01-15 13:13:26,185 - INFO - Bot process ended, restarting...
2025-01-15 13:13:26,185 - INFO - Starting bot process with C:\Python312\pythonservice.exe E:\cursor\main.py
2025-01-15 13:13:27,188 - INFO - Bot process ended, restarting...
2025-01-15 13:13:27,188 - INFO - Starting bot process with C:\Python312\pythonservice.exe E:\cursor\main.py
2025-01-15 13:13:28,192 - INFO - Bot process ended, restarting...
2025-01-15 13:13:28,192 - INFO - Starting bot process with C:\Python312\pythonservice.exe E:\cursor\main.py
2025-01-15 13:13:29,197 - INFO - Bot process ended, restarting...
2025-01-15 13:13:29,197 - INFO - Starting bot process with C:\Python312\pythonservice.exe E:\cursor\main.py
2025-01-15 13:13:30,200 - INFO - Bot process ended, restarting...
2025-01-15 13:13:30,200 - INFO - Starting bot process with C:\Python312\pythonservice.exe E:\cursor\main.py
2025-01-15 13:13:31,205 - INFO - Bot process ended, restarting...
2025-01-15 13:13:31,206 - INFO - Starting bot process with C:\Python312\pythonservice.exe E:\cursor\main.py
2025-01-15 13:13:32,209 - INFO - Bot process ended, restarting...
2025-01-15 13:13:32,209 - INFO - Starting bot process with C:\Python312\pythonservice.exe E:\cursor\main.py
2025-01-15 13:13:33,212 - INFO - Bot process ended, restarting...
2025-01-15 13:13:33,212 - INFO - Starting bot process with C:\Python312\pythonservice.exe E:\cursor\main.py
2025-01-15 13:13:34,216 - INFO - Bot process ended, restarting...
2025-01-15 13:13:34,216 - INFO - Starting bot process with C:\Python312\pythonservice.exe E:\cursor\main.py
2025-01-15 13:13:35,220 - INFO - Bot process ended, restarting...
2025-01-15 13:13:35,220 - INFO - Starting bot process with C:\Python312\pythonservice.exe E:\cursor\main.py
2025-01-15 13:13:36,224 - INFO - Bot process ended, restarting...
2025-01-15 13:13:36,224 - INFO - Starting bot process with C:\Python312\pythonservice.exe E:\cursor\main.py
2025-01-15 13:13:37,228 - INFO - Bot process ended, restarting...
2025-01-15 13:13:37,228 - INFO - Starting bot process with C:\Python312\pythonservice.exe E:\cursor\main.py
2025-01-15 13:13:38,232 - INFO - Bot process ended, restarting...
2025-01-15 13:13:38,232 - INFO - Starting bot process with C:\Python312\pythonservice.exe E:\cursor\main.py
2025-01-15 13:13:39,236 - INFO - Bot process ended, restarting...
2025-01-15 13:13:39,236 - INFO - Starting bot process with C:\Python312\pythonservice.exe E:\cursor\main.py
2025-01-15 13:13:40,239 - INFO - Bot process ended, restarting...
2025-01-15 13:13:40,239 - INFO - Starting bot process with C:\Python312\pythonservice.exe E:\cursor\main.py
2025-01-15 13:13:41,243 - INFO - Bot process ended, restarting...
2025-01-15 13:13:41,244 - INFO - Starting bot process with C:\Python312\pythonservice.exe E:\cursor\main.py
2025-01-15 13:13:42,247 - INFO - Bot process ended, restarting...
2025-01-15 13:13:42,247 - INFO - Starting bot process with C:\Python312\pythonservice.exe E:\cursor\main.py
2025-01-15 13:13:43,251 - INFO - Bot process ended, restarting...
2025-01-15 13:13:43,251 - INFO - Starting bot process with C:\Python312\pythonservice.exe E:\cursor\main.py
2025-01-15 13:13:44,256 - INFO - Bot process ended, restarting...
2025-01-15 13:13:44,256 - INFO - Starting bot process with C:\Python312\pythonservice.exe E:\cursor\main.py
2025-01-15 13:13:45,260 - INFO - Bot process ended, restarting...
2025-01-15 13:13:45,260 - INFO - Starting bot process with C:\Python312\pythonservice.exe E:\cursor\main.py
2025-01-15 13:13:46,263 - INFO - Bot process ended, restarting...
2025-01-15 13:13:46,263 - INFO - Starting bot process with C:\Python312\pythonservice.exe E:\cursor\main.py
2025-01-15 13:13:47,266 - INFO - Bot process ended, restarting...
2025-01-15 13:13:47,266 - INFO - Starting bot process with C:\Python312\pythonservice.exe E:\cursor\main.py
2025-01-15 13:13:48,270 - INFO - Bot process ended, restarting...
2025-01-15 13:13:48,270 - INFO - Starting bot process with C:\Python312\pythonservice.exe E:\cursor\main.py
2025-01-15 13:13:49,274 - INFO - Bot process ended, restarting...
2025-01-15 13:13:49,275 - INFO - Starting bot process with C:\Python312\pythonservice.exe E:\cursor\main.py
2025-01-15 13:13:50,279 - INFO - Bot process ended, restarting...
2025-01-15 13:13:50,279 - INFO - Starting bot process with C:\Python312\pythonservice.exe E:\cursor\main.py
2025-01-15 13:13:51,282 - INFO - Bot process ended, restarting...
2025-01-15 13:13:51,282 - INFO - Starting bot process with C:\Python312\pythonservice.exe E:\cursor\main.py
2025-01-15 13:13:52,285 - INFO - Bot process ended, restarting...
2025-01-15 13:13:52,285 - INFO - Starting bot process with C:\Python312\pythonservice.exe E:\cursor\main.py
2025-01-15 13:13:52,645 - INFO - Service stop requested...
2025-01-15 13:13:52,645 - INFO - Service stopped
2025-01-15 13:14:29,407 - INFO - Service initialized
2025-01-15 13:14:29,407 - INFO - Service is starting...
2025-01-15 13:14:31,589 - INFO - Bot starting...
2025-01-15 13:14:31,589 - DEBUG - Using proactor: IocpProactor
2025-01-15 13:14:31,590 - ERROR - Error in start_bot: set_wakeup_fd only works in main thread of the main interpreter
2025-01-15 13:14:31,590 - ERROR - Exception traceback:
Traceback (most recent call last):
  File "E:\cursor\main.py", line 223, in start_bot
    loop = asyncio.new_event_loop()
           ^^^^^^^^^^^^^^^^^^^^^^^^
  File "C:\Python312\Lib\asyncio\events.py", line 823, in new_event_loop
    return get_event_loop_policy().new_event_loop()
           ^^^^^^^^^^^^^^^^^^^^^^^^^^^^^^^^^^^^^^^^
  File "C:\Python312\Lib\asyncio\events.py", line 720, in new_event_loop
    return self._loop_factory()
           ^^^^^^^^^^^^^^^^^^^^
  File "C:\Python312\Lib\asyncio\windows_events.py", line 316, in __init__
    super().__init__(proactor)
  File "C:\Python312\Lib\asyncio\proactor_events.py", line 643, in __init__
    signal.set_wakeup_fd(self._csock.fileno())
ValueError: set_wakeup_fd only works in main thread of the main interpreter
2025-01-15 13:14:39,070 - INFO - Service initialized
2025-01-15 13:14:39,070 - INFO - Service is starting...
2025-01-15 13:14:39,288 - INFO - Bot starting...
2025-01-15 13:14:39,289 - DEBUG - Using proactor: IocpProactor
2025-01-15 13:14:39,290 - ERROR - Error in start_bot: set_wakeup_fd only works in main thread of the main interpreter
2025-01-15 13:14:39,290 - ERROR - Exception traceback:
Traceback (most recent call last):
  File "E:\cursor\main.py", line 223, in start_bot
    loop = asyncio.new_event_loop()
           ^^^^^^^^^^^^^^^^^^^^^^^^
  File "C:\Python312\Lib\asyncio\events.py", line 823, in new_event_loop
    return get_event_loop_policy().new_event_loop()
           ^^^^^^^^^^^^^^^^^^^^^^^^^^^^^^^^^^^^^^^^
  File "C:\Python312\Lib\asyncio\events.py", line 720, in new_event_loop
    return self._loop_factory()
           ^^^^^^^^^^^^^^^^^^^^
  File "C:\Python312\Lib\asyncio\windows_events.py", line 316, in __init__
    super().__init__(proactor)
  File "C:\Python312\Lib\asyncio\proactor_events.py", line 643, in __init__
    signal.set_wakeup_fd(self._csock.fileno())
ValueError: set_wakeup_fd only works in main thread of the main interpreter
2025-01-15 13:14:40,728 - INFO - Service initialized
2025-01-15 13:14:40,729 - INFO - Service is starting...
2025-01-15 13:14:40,932 - INFO - Bot starting...
2025-01-15 13:14:40,932 - DEBUG - Using proactor: IocpProactor
2025-01-15 13:14:40,933 - ERROR - Error in start_bot: set_wakeup_fd only works in main thread of the main interpreter
2025-01-15 13:14:40,933 - ERROR - Exception traceback:
Traceback (most recent call last):
  File "E:\cursor\main.py", line 223, in start_bot
    loop = asyncio.new_event_loop()
           ^^^^^^^^^^^^^^^^^^^^^^^^
  File "C:\Python312\Lib\asyncio\events.py", line 823, in new_event_loop
    return get_event_loop_policy().new_event_loop()
           ^^^^^^^^^^^^^^^^^^^^^^^^^^^^^^^^^^^^^^^^
  File "C:\Python312\Lib\asyncio\events.py", line 720, in new_event_loop
    return self._loop_factory()
           ^^^^^^^^^^^^^^^^^^^^
  File "C:\Python312\Lib\asyncio\windows_events.py", line 316, in __init__
    super().__init__(proactor)
  File "C:\Python312\Lib\asyncio\proactor_events.py", line 643, in __init__
    signal.set_wakeup_fd(self._csock.fileno())
ValueError: set_wakeup_fd only works in main thread of the main interpreter
2025-01-15 13:14:41,706 - INFO - Service initialized
2025-01-15 13:14:41,707 - INFO - Service is starting...
2025-01-15 13:14:41,912 - INFO - Bot starting...
2025-01-15 13:14:41,912 - DEBUG - Using proactor: IocpProactor
2025-01-15 13:14:41,914 - ERROR - Error in start_bot: set_wakeup_fd only works in main thread of the main interpreter
2025-01-15 13:14:41,914 - ERROR - Exception traceback:
Traceback (most recent call last):
  File "E:\cursor\main.py", line 223, in start_bot
    loop = asyncio.new_event_loop()
           ^^^^^^^^^^^^^^^^^^^^^^^^
  File "C:\Python312\Lib\asyncio\events.py", line 823, in new_event_loop
    return get_event_loop_policy().new_event_loop()
           ^^^^^^^^^^^^^^^^^^^^^^^^^^^^^^^^^^^^^^^^
  File "C:\Python312\Lib\asyncio\events.py", line 720, in new_event_loop
    return self._loop_factory()
           ^^^^^^^^^^^^^^^^^^^^
  File "C:\Python312\Lib\asyncio\windows_events.py", line 316, in __init__
    super().__init__(proactor)
  File "C:\Python312\Lib\asyncio\proactor_events.py", line 643, in __init__
    signal.set_wakeup_fd(self._csock.fileno())
ValueError: set_wakeup_fd only works in main thread of the main interpreter
2025-01-15 13:16:56,838 - INFO - Service initialized
2025-01-15 13:16:56,839 - INFO - Service is starting...
2025-01-15 13:16:56,839 - INFO - Starting bot process with C:\Python312\python.exe
2025-01-15 13:52:51,524 - INFO - Service initialized
2025-01-15 13:52:51,524 - INFO - Service is starting...
2025-01-15 13:52:51,527 - INFO - Starting bot process with C:\Python312\python.exe
2025-01-15 13:52:53,539 - INFO - Bot process ended, waiting before restart...
2025-01-15 13:53:03,540 - INFO - Starting bot process with C:\Python312\python.exe
2025-01-15 13:53:54,271 - INFO - Service initialized
2025-01-15 13:53:54,271 - INFO - Service is starting...
2025-01-15 13:53:54,271 - INFO - Starting bot process with C:\Python312\python.exe
2025-01-15 13:53:56,290 - INFO - Bot process ended, waiting before restart...
2025-01-15 13:54:06,291 - INFO - Starting bot process with C:\Python312\python.exe
2025-01-15 14:56:14,295 - INFO - Service stop requested...
2025-01-15 14:56:14,315 - INFO - Service stopped
2025-01-15 15:00:49 - INFO - Service initialized
2025-01-15 15:00:49 - INFO - Service is starting...
2025-01-15 15:00:49 - INFO - Starting bot process with C:\Python312\python.exe
2025-01-15 15:02:34 - INFO - Service stop requested...
2025-01-15 15:02:34 - INFO - Service stopped
2025-01-15 15:02:35 - INFO - Service initialized
2025-01-15 15:02:35 - INFO - Service is starting...
2025-01-15 15:02:35 - INFO - Starting bot process with C:\Python312\python.exe
2025-01-15 15:02:39 - INFO - Service stop requested...
2025-01-15 15:02:39 - INFO - Service stopped
2025-01-15 15:02:54 - INFO - Service initialized
2025-01-15 15:02:54 - INFO - Service is starting...
2025-01-15 15:02:54 - INFO - Starting bot process with C:\Python312\python.exe
2025-01-15 15:05:08 - INFO - Service stop requested...
2025-01-15 15:05:08 - INFO - Service stopped
2025-01-15 15:05:09 - INFO - Service initialized
2025-01-15 15:05:09 - INFO - Service is starting...
2025-01-15 15:05:09 - INFO - Starting bot process with C:\Python312\python.exe
2025-01-15 15:06:22 - INFO - Service stop requested...
2025-01-15 15:06:22 - INFO - Service stopped
2025-01-15 15:06:23 - INFO - Service initialized
2025-01-15 15:06:23 - INFO - Service is starting...
2025-01-15 15:06:23 - INFO - Starting bot process with C:\Python312\python.exe
2025-01-15 15:09:10 - INFO - Service stop requested...
2025-01-15 15:09:10 - INFO - Service stopped
2025-01-15 15:09:11 - INFO - Service initialized
2025-01-15 15:09:11 - INFO - Service is starting...
2025-01-15 15:09:11 - INFO - Starting bot process with C:\Python312\python.exe
2025-01-15 15:10:39 - INFO - Service stop requested...
2025-01-15 15:10:39 - INFO - Service stopped
2025-01-15 15:10:40 - INFO - Service initialized
2025-01-15 15:10:40 - INFO - Service is starting...
2025-01-15 15:10:40 - INFO - Starting bot process with C:\Python312\python.exe
2025-01-15 15:11:13 - INFO - Service stop requested...
2025-01-15 15:11:13 - INFO - Service stopped
2025-01-15 15:11:14 - INFO - Service initialized
2025-01-15 15:11:14 - INFO - Service is starting...
2025-01-15 15:11:14 - INFO - Starting bot process with C:\Python312\python.exe
2025-01-15 15:12:49 - INFO - Service stop requested...
2025-01-15 15:12:49 - INFO - Service stopped
2025-01-15 15:12:50 - INFO - Service initialized
2025-01-15 15:12:50 - INFO - Service is starting...
2025-01-15 15:12:50 - INFO - Starting bot process with C:\Python312\python.exe
2025-01-15 15:14:58 - INFO - Service stop requested...
2025-01-15 15:14:58 - INFO - Service stopped
2025-01-15 15:17:24,532 - INFO - Service initialized
2025-01-15 15:17:24,532 - INFO - Service is starting...
2025-01-15 15:17:24,532 - INFO - Starting bot process with C:\Python312\python.exe
2025-01-15 15:18:45,271 - INFO - Service stop requested...
2025-01-15 15:18:45,272 - INFO - Service stopped
2025-01-15 15:18:50 - INFO - Service initialized
2025-01-15 15:18:50 - INFO - Service is starting...
2025-01-15 15:18:50 - INFO - Starting bot process with C:\Python312\python.exe
2025-01-15 15:21:07 - INFO - Service stop requested...
2025-01-15 15:21:07 - INFO - Service stopped
2025-01-15 20:51:09 - INFO - Service initialized
2025-01-15 20:51:09 - INFO - Service is starting...
2025-01-15 20:51:09 - INFO - Starting bot process with C:\Python312\python.exe
2025-01-15 20:52:43 - INFO - Service stop requested...
2025-01-15 20:52:43 - INFO - Service stopped
